<?xml version="1.0" encoding="UTF-8"?>
<!-- Generated by org.testng.reporters.JUnitReportReporter -->
<testsuite skipped="0" hostname="CSCINDAE741498" name="com.selenium.Moviesync.Title" tests="1" failures="0" timestamp="04 Apr 2019 21:35:33 GMT" time="1.014" errors="0">
  <testcase name="testdata" time="1.014" classname="com.selenium.Moviesync.Title"/>
</testsuite> <!-- com.selenium.Moviesync.Title -->
