<?xml version="1.0" encoding="UTF-8"?>
<!-- Generated by org.testng.reporters.JUnitReportReporter -->
<testsuite skipped="0" hostname="CSCINDAE741498" name="com.scroll.Scroll2" tests="2" failures="0" timestamp="06 Apr 2019 00:09:08 GMT" time="19.699" errors="0">
  <testcase name="scroll" time="18.554" classname="com.scroll.Scroll2"/>
  <testcase name="testdata" time="1.145" classname="com.scroll.Scroll2"/>
</testsuite> <!-- com.scroll.Scroll2 -->
