<?xml version="1.0" encoding="UTF-8"?>
<!-- Generated by org.testng.reporters.JUnitReportReporter -->
<testsuite skipped="0" hostname="CSCINDAE741498" name="com.scroll.Scroll" tests="1" failures="0" timestamp="05 Apr 2019 23:59:39 GMT" time="17.963" errors="0">
  <testcase name="scroll" time="17.963" classname="com.scroll.Scroll"/>
</testsuite> <!-- com.scroll.Scroll -->
